<?xml version="1.0" encoding="UTF-8"?>
<testng-results ignored="0" total="0" passed="0" failed="0" skipped="0">
  <reporter-output>
  </reporter-output>
  <suite started-at="2019-01-11T21:11:00Z" name="com.project.Automation.AppTest" finished-at="2019-01-11T21:11:00Z" duration-ms="4">
    <groups>
    </groups>
    <test started-at="2019-01-11T21:11:00Z" name="Command line test" finished-at="2019-01-11T21:11:00Z" duration-ms="4">
    </test> <!-- Command line test -->
  </suite> <!-- com.project.Automation.AppTest -->
</testng-results>
